<?xml version="1.0" encoding="UTF-8"?>
<!-- Generated by org.testng.reporters.JUnitReportReporter -->
<testsuite hostname="LAPTOP-VA9E9AHH" failures="0" tests="1" name="com_cjc_test.demoblaze" time="26.956" errors="0" timestamp="2023-01-16T12:52:33 IST" skipped="0">
  <testcase classname="com_cjc_test.demoblaze" name="signuppage" time="26.956"/>
  <system-out/>
</testsuite> <!-- com_cjc_test.demoblaze -->
